<?xml version="1.0" encoding="utf-8"?>
<test-run id="2" testcasecount="15" result="Passed" total="15" passed="15" failed="0" inconclusive="0" skipped="0" asserts="0" engine-version="3.5.0.0" clr-version="4.0.30319.42000" start-time="2026-09-07 07:55:23Z" end-time="2026-09-07 07:55:23Z" duration="0.0624309">
  <test-suite type="TestSuite" id="1026" name="My ga" fullname="My ga" runstate="Runnable" testcasecount="15" result="Passed" start-time="2026-09-07 07:55:23Z" end-time="2026-09-07 07:55:23Z" duration="0.062431" total="15" passed="15" failed="0" inconclusive="0" skipped="0" asserts="0">
    <properties />
    <test-suite type="Assembly" id="1045" name="BossClicker.Tests.dll" fullname="C:/Users/root/Desktop/My ga/Library/ScriptAssemblies/BossClicker.Tests.dll" runstate="Runnable" testcasecount="15" result="Passed" start-time="2026-09-07 07:55:23Z" end-time="2026-09-07 07:55:23Z" duration="0.052451" total="15" passed="15" failed="0" inconclusive="0" skipped="0" asserts="0">
      <properties>
        <property name="_PID" value="15720" />
        <property name="_APPDOMAIN" value="Unity Child Domain" />
        <property name="platform" value="EditMode" />
      </properties>
      <test-suite type="TestSuite" id="1046" name="BossClicker" fullname="BossClicker" runstate="Runnable" testcasecount="15" result="Passed" start-time="2026-09-07 07:55:23Z" end-time="2026-09-07 07:55:23Z" duration="0.052097" total="15" passed="15" failed="0" inconclusive="0" skipped="0" asserts="0">
        <properties />
        <test-suite type="TestSuite" id="1047" name="Tests" fullname="BossClicker.Tests" runstate="Runnable" testcasecount="15" result="Passed" start-time="2026-09-07 07:55:23Z" end-time="2026-09-07 07:55:23Z" duration="0.048634" total="15" passed="15" failed="0" inconclusive="0" skipped="0" asserts="0">
          <properties />
          <test-suite type="TestFixture" id="1027" name="GameSessionTests" fullname="BossClicker.Tests.GameSessionTests" classname="BossClicker.Tests.GameSessionTests" runstate="Runnable" testcasecount="11" result="Passed" start-time="2026-09-07 07:55:23Z" end-time="2026-09-07 07:55:23Z" duration="0.022452" total="11" passed="11" failed="0" inconclusive="0" skipped="0" asserts="0">
            <properties />
            <test-case id="1030" name="DamageAfterDeadlineCannotWin" fullname="BossClicker.Tests.GameSessionTests.DamageAfterDeadlineCannotWin" methodname="DamageAfterDeadlineCannotWin" classname="BossClicker.Tests.GameSessionTests" runstate="Runnable" seed="1942503241" result="Passed" start-time="2026-09-07 07:55:23Z" end-time="2026-09-07 07:55:23Z" duration="0.009110" asserts="0">
              <properties />
            </test-case>
            <test-suite type="ParameterizedMethod" id="1038" name="FinalBossRequiresLastUpgrade" fullname="BossClicker.Tests.GameSessionTests.FinalBossRequiresLastUpgrade" classname="BossClicker.Tests.GameSessionTests" runstate="Runnable" testcasecount="2" result="Passed" start-time="2026-09-07 07:55:23Z" end-time="2026-09-07 07:55:23Z" duration="0.001533" total="2" passed="2" failed="0" inconclusive="0" skipped="0" asserts="0">
              <properties />
              <test-case id="1036" name="FinalBossRequiresLastUpgrade(9,Failed)" fullname="BossClicker.Tests.GameSessionTests.FinalBossRequiresLastUpgrade(9,Failed)" methodname="FinalBossRequiresLastUpgrade" classname="BossClicker.Tests.GameSessionTests" runstate="Runnable" seed="47305891" result="Passed" start-time="2026-09-07 07:55:23Z" end-time="2026-09-07 07:55:23Z" duration="0.000306" asserts="0">
                <properties />
              </test-case>
              <test-case id="1037" name="FinalBossRequiresLastUpgrade(10,Intermission)" fullname="BossClicker.Tests.GameSessionTests.FinalBossRequiresLastUpgrade(10,Intermission)" methodname="FinalBossRequiresLastUpgrade" classname="BossClicker.Tests.GameSessionTests" runstate="Runnable" seed="103076078" result="Passed" start-time="2026-09-07 07:55:23Z" end-time="2026-09-07 07:55:23Z" duration="0.000197" asserts="0">
                <properties />
              </test-case>
            </test-suite>
            <test-case id="1028" name="FirstKillPaysOnceAndStartsRefresh" fullname="BossClicker.Tests.GameSessionTests.FirstKillPaysOnceAndStartsRefresh" methodname="FirstKillPaysOnceAndStartsRefresh" classname="BossClicker.Tests.GameSessionTests" runstate="Runnable" seed="1684716268" result="Passed" start-time="2026-09-07 07:55:23Z" end-time="2026-09-07 07:55:23Z" duration="0.000912" asserts="0">
              <properties />
            </test-case>
            <test-case id="1029" name="KillExactlyAtDeadlineWins" fullname="BossClicker.Tests.GameSessionTests.KillExactlyAtDeadlineWins" methodname="KillExactlyAtDeadlineWins" classname="BossClicker.Tests.GameSessionTests" runstate="Runnable" seed="65725042" result="Passed" start-time="2026-09-07 07:55:23Z" end-time="2026-09-07 07:55:23Z" duration="0.000158" asserts="0">
              <properties />
            </test-case>
            <test-case id="1035" name="LargeAndSmallStepsAgree" fullname="BossClicker.Tests.GameSessionTests.LargeAndSmallStepsAgree" methodname="LargeAndSmallStepsAgree" classname="BossClicker.Tests.GameSessionTests" runstate="Runnable" seed="804490763" result="Passed" start-time="2026-09-07 07:55:23Z" end-time="2026-09-07 07:55:23Z" duration="0.000192" asserts="0">
              <properties />
            </test-case>
            <test-case id="1032" name="PurchaseLimitsNeverSpendMoney" fullname="BossClicker.Tests.GameSessionTests.PurchaseLimitsNeverSpendMoney" methodname="PurchaseLimitsNeverSpendMoney" classname="BossClicker.Tests.GameSessionTests" runstate="Runnable" seed="334651777" result="Passed" start-time="2026-09-07 07:55:23Z" end-time="2026-09-07 07:55:23Z" duration="0.000323" asserts="0">
              <properties />
            </test-case>
            <test-case id="1031" name="PurchasePreservesBattleAndFarmChoice" fullname="BossClicker.Tests.GameSessionTests.PurchasePreservesBattleAndFarmChoice" methodname="PurchasePreservesBattleAndFarmChoice" classname="BossClicker.Tests.GameSessionTests" runstate="Runnable" seed="1591353850" result="Passed" start-time="2026-09-07 07:55:23Z" end-time="2026-09-07 07:55:23Z" duration="0.000257" asserts="0">
              <properties />
            </test-case>
            <test-case id="1039" name="ReferenceRouteMatchesEconomy" fullname="BossClicker.Tests.GameSessionTests.ReferenceRouteMatchesEconomy" methodname="ReferenceRouteMatchesEconomy" classname="BossClicker.Tests.GameSessionTests" runstate="Runnable" seed="701482586" result="Passed" start-time="2026-09-07 07:55:23Z" end-time="2026-09-07 07:55:23Z" duration="0.000417" asserts="0">
              <properties />
            </test-case>
            <test-case id="1034" name="ReplacingAnUnfinishedTargetDoesNotPay" fullname="BossClicker.Tests.GameSessionTests.ReplacingAnUnfinishedTargetDoesNotPay" methodname="ReplacingAnUnfinishedTargetDoesNotPay" classname="BossClicker.Tests.GameSessionTests" runstate="Runnable" seed="2145165977" result="Passed" start-time="2026-09-07 07:55:23Z" end-time="2026-09-07 07:55:23Z" duration="0.000252" asserts="0">
              <properties />
            </test-case>
            <test-case id="1033" name="SwitchingDuringRefreshCannotSkipOrRepeatReward" fullname="BossClicker.Tests.GameSessionTests.SwitchingDuringRefreshCannotSkipOrRepeatReward" methodname="SwitchingDuringRefreshCannotSkipOrRepeatReward" classname="BossClicker.Tests.GameSessionTests" runstate="Runnable" seed="2000581519" result="Passed" start-time="2026-09-07 07:55:23Z" end-time="2026-09-07 07:55:23Z" duration="0.000204" asserts="0">
              <properties />
            </test-case>
          </test-suite>
          <test-suite type="TestFixture" id="1040" name="SaveStoreTests" fullname="BossClicker.Tests.SaveStoreTests" classname="BossClicker.Tests.SaveStoreTests" runstate="Runnable" testcasecount="4" result="Passed" start-time="2026-09-07 07:55:23Z" end-time="2026-09-07 07:55:23Z" duration="0.021612" total="4" passed="4" failed="0" inconclusive="0" skipped="0" asserts="0">
            <properties />
            <test-case id="1042" name="CorruptMainRecoversBackupAndCanSaveAgain" fullname="BossClicker.Tests.SaveStoreTests.CorruptMainRecoversBackupAndCanSaveAgain" methodname="CorruptMainRecoversBackupAndCanSaveAgain" classname="BossClicker.Tests.SaveStoreTests" runstate="Runnable" seed="1429219684" result="Passed" start-time="2026-09-07 07:55:23Z" end-time="2026-09-07 07:55:23Z" duration="0.013892" asserts="0">
              <properties />
            </test-case>
            <test-case id="1043" name="InvalidFilesArePreservedInsteadOfStartingNew" fullname="BossClicker.Tests.SaveStoreTests.InvalidFilesArePreservedInsteadOfStartingNew" methodname="InvalidFilesArePreservedInsteadOfStartingNew" classname="BossClicker.Tests.SaveStoreTests" runstate="Runnable" seed="1251992349" result="Passed" start-time="2026-09-07 07:55:23Z" end-time="2026-09-07 07:55:23Z" duration="0.002412" asserts="0">
              <properties />
            </test-case>
            <test-case id="1044" name="InvalidRangesAndWriteFailureAreReported" fullname="BossClicker.Tests.SaveStoreTests.InvalidRangesAndWriteFailureAreReported" methodname="InvalidRangesAndWriteFailureAreReported" classname="BossClicker.Tests.SaveStoreTests" runstate="Runnable" seed="351659962" result="Passed" start-time="2026-09-07 07:55:23Z" end-time="2026-09-07 07:55:23Z" duration="0.002669" asserts="0">
              <properties />
            </test-case>
            <test-case id="1041" name="MissingFileStartsNewAndRoundTripKeepsAllProgress" fullname="BossClicker.Tests.SaveStoreTests.MissingFileStartsNewAndRoundTripKeepsAllProgress" methodname="MissingFileStartsNewAndRoundTripKeepsAllProgress" classname="BossClicker.Tests.SaveStoreTests" runstate="Runnable" seed="1347489917" result="Passed" start-time="2026-09-07 07:55:23Z" end-time="2026-09-07 07:55:23Z" duration="0.001871" asserts="0">
              <properties />
            </test-case>
          </test-suite>
        </test-suite>
      </test-suite>
    </test-suite>
  </test-suite>
</test-run>