<?xml version="1.0" encoding="utf-8"?>
<test-run id="2" testcasecount="15" result="Failed(Child)" total="15" passed="14" failed="1" inconclusive="0" skipped="0" asserts="0" engine-version="3.5.0.0" clr-version="4.0.30319.42000" start-time="2026-09-07 07:51:41Z" end-time="2026-09-07 07:51:41Z" duration="0.0722805">
  <test-suite type="TestSuite" id="1026" name="My ga" fullname="My ga" runstate="Runnable" testcasecount="15" result="Failed" site="Child" start-time="2026-09-07 07:51:41Z" end-time="2026-09-07 07:51:41Z" duration="0.072281" total="15" passed="14" failed="1" inconclusive="0" skipped="0" asserts="0">
    <properties />
    <failure>
      <message><![CDATA[One or more child tests had errors]]></message>
    </failure>
    <test-suite type="Assembly" id="1045" name="BossClicker.Tests.dll" fullname="C:/Users/root/Desktop/My ga/Library/ScriptAssemblies/BossClicker.Tests.dll" runstate="Runnable" testcasecount="15" result="Failed" site="Child" start-time="2026-09-07 07:51:41Z" end-time="2026-09-07 07:51:41Z" duration="0.062674" total="15" passed="14" failed="1" inconclusive="0" skipped="0" asserts="0">
      <properties>
        <property name="_PID" value="66384" />
        <property name="_APPDOMAIN" value="Unity Child Domain" />
        <property name="platform" value="EditMode" />
      </properties>
      <failure>
        <message><![CDATA[One or more child tests had errors]]></message>
      </failure>
      <test-suite type="TestSuite" id="1046" name="BossClicker" fullname="BossClicker" runstate="Runnable" testcasecount="15" result="Failed" site="Child" start-time="2026-09-07 07:51:41Z" end-time="2026-09-07 07:51:41Z" duration="0.062410" total="15" passed="14" failed="1" inconclusive="0" skipped="0" asserts="0">
        <properties />
        <failure>
          <message><![CDATA[One or more child tests had errors]]></message>
        </failure>
        <test-suite type="TestSuite" id="1047" name="Tests" fullname="BossClicker.Tests" runstate="Runnable" testcasecount="15" result="Failed" site="Child" start-time="2026-09-07 07:51:41Z" end-time="2026-09-07 07:51:41Z" duration="0.059839" total="15" passed="14" failed="1" inconclusive="0" skipped="0" asserts="0">
          <properties />
          <failure>
            <message><![CDATA[One or more child tests had errors]]></message>
          </failure>
          <test-suite type="TestFixture" id="1027" name="GameSessionTests" fullname="BossClicker.Tests.GameSessionTests" classname="BossClicker.Tests.GameSessionTests" runstate="Runnable" testcasecount="11" result="Passed" start-time="2026-09-07 07:51:41Z" end-time="2026-09-07 07:51:41Z" duration="0.021065" total="11" passed="11" failed="0" inconclusive="0" skipped="0" asserts="0">
            <properties />
            <test-case id="1030" name="DamageAfterDeadlineCannotWin" fullname="BossClicker.Tests.GameSessionTests.DamageAfterDeadlineCannotWin" methodname="DamageAfterDeadlineCannotWin" classname="BossClicker.Tests.GameSessionTests" runstate="Runnable" seed="364778595" result="Passed" start-time="2026-09-07 07:51:41Z" end-time="2026-09-07 07:51:41Z" duration="0.008157" asserts="0">
              <properties />
            </test-case>
            <test-suite type="ParameterizedMethod" id="1038" name="FinalBossRequiresLastUpgrade" fullname="BossClicker.Tests.GameSessionTests.FinalBossRequiresLastUpgrade" classname="BossClicker.Tests.GameSessionTests" runstate="Runnable" testcasecount="2" result="Passed" start-time="2026-09-07 07:51:41Z" end-time="2026-09-07 07:51:41Z" duration="0.001338" total="2" passed="2" failed="0" inconclusive="0" skipped="0" asserts="0">
              <properties />
              <test-case id="1036" name="FinalBossRequiresLastUpgrade(9,Failed)" fullname="BossClicker.Tests.GameSessionTests.FinalBossRequiresLastUpgrade(9,Failed)" methodname="FinalBossRequiresLastUpgrade" classname="BossClicker.Tests.GameSessionTests" runstate="Runnable" seed="536967605" result="Passed" start-time="2026-09-07 07:51:41Z" end-time="2026-09-07 07:51:41Z" duration="0.000243" asserts="0">
                <properties />
              </test-case>
              <test-case id="1037" name="FinalBossRequiresLastUpgrade(10,Intermission)" fullname="BossClicker.Tests.GameSessionTests.FinalBossRequiresLastUpgrade(10,Intermission)" methodname="FinalBossRequiresLastUpgrade" classname="BossClicker.Tests.GameSessionTests" runstate="Runnable" seed="1069968197" result="Passed" start-time="2026-09-07 07:51:41Z" end-time="2026-09-07 07:51:41Z" duration="0.000186" asserts="0">
                <properties />
              </test-case>
            </test-suite>
            <test-case id="1028" name="FirstKillPaysOnceAndStartsRefresh" fullname="BossClicker.Tests.GameSessionTests.FirstKillPaysOnceAndStartsRefresh" methodname="FirstKillPaysOnceAndStartsRefresh" classname="BossClicker.Tests.GameSessionTests" runstate="Runnable" seed="1258842389" result="Passed" start-time="2026-09-07 07:51:41Z" end-time="2026-09-07 07:51:41Z" duration="0.001049" asserts="0">
              <properties />
            </test-case>
            <test-case id="1029" name="KillExactlyAtDeadlineWins" fullname="BossClicker.Tests.GameSessionTests.KillExactlyAtDeadlineWins" methodname="KillExactlyAtDeadlineWins" classname="BossClicker.Tests.GameSessionTests" runstate="Runnable" seed="662809910" result="Passed" start-time="2026-09-07 07:51:41Z" end-time="2026-09-07 07:51:41Z" duration="0.000191" asserts="0">
              <properties />
            </test-case>
            <test-case id="1035" name="LargeAndSmallStepsAgree" fullname="BossClicker.Tests.GameSessionTests.LargeAndSmallStepsAgree" methodname="LargeAndSmallStepsAgree" classname="BossClicker.Tests.GameSessionTests" runstate="Runnable" seed="634268851" result="Passed" start-time="2026-09-07 07:51:41Z" end-time="2026-09-07 07:51:41Z" duration="0.000229" asserts="0">
              <properties />
            </test-case>
            <test-case id="1032" name="PurchaseLimitsNeverSpendMoney" fullname="BossClicker.Tests.GameSessionTests.PurchaseLimitsNeverSpendMoney" methodname="PurchaseLimitsNeverSpendMoney" classname="BossClicker.Tests.GameSessionTests" runstate="Runnable" seed="1555439146" result="Passed" start-time="2026-09-07 07:51:41Z" end-time="2026-09-07 07:51:41Z" duration="0.000394" asserts="0">
              <properties />
            </test-case>
            <test-case id="1031" name="PurchasePreservesBattleAndFarmChoice" fullname="BossClicker.Tests.GameSessionTests.PurchasePreservesBattleAndFarmChoice" methodname="PurchasePreservesBattleAndFarmChoice" classname="BossClicker.Tests.GameSessionTests" runstate="Runnable" seed="1823385868" result="Passed" start-time="2026-09-07 07:51:41Z" end-time="2026-09-07 07:51:41Z" duration="0.000273" asserts="0">
              <properties />
            </test-case>
            <test-case id="1039" name="ReferenceRouteMatchesEconomy" fullname="BossClicker.Tests.GameSessionTests.ReferenceRouteMatchesEconomy" methodname="ReferenceRouteMatchesEconomy" classname="BossClicker.Tests.GameSessionTests" runstate="Runnable" seed="1503196632" result="Passed" start-time="2026-09-07 07:51:41Z" end-time="2026-09-07 07:51:41Z" duration="0.000489" asserts="0">
              <properties />
            </test-case>
            <test-case id="1034" name="ReplacingAnUnfinishedTargetDoesNotPay" fullname="BossClicker.Tests.GameSessionTests.ReplacingAnUnfinishedTargetDoesNotPay" methodname="ReplacingAnUnfinishedTargetDoesNotPay" classname="BossClicker.Tests.GameSessionTests" runstate="Runnable" seed="1386811977" result="Passed" start-time="2026-09-07 07:51:41Z" end-time="2026-09-07 07:51:41Z" duration="0.000290" asserts="0">
              <properties />
            </test-case>
            <test-case id="1033" name="SwitchingDuringRefreshCannotSkipOrRepeatReward" fullname="BossClicker.Tests.GameSessionTests.SwitchingDuringRefreshCannotSkipOrRepeatReward" methodname="SwitchingDuringRefreshCannotSkipOrRepeatReward" classname="BossClicker.Tests.GameSessionTests" runstate="Runnable" seed="1163299574" result="Passed" start-time="2026-09-07 07:51:41Z" end-time="2026-09-07 07:51:41Z" duration="0.000200" asserts="0">
              <properties />
            </test-case>
          </test-suite>
          <test-suite type="TestFixture" id="1040" name="SaveStoreTests" fullname="BossClicker.Tests.SaveStoreTests" classname="BossClicker.Tests.SaveStoreTests" runstate="Runnable" testcasecount="4" result="Failed" site="Child" start-time="2026-09-07 07:51:41Z" end-time="2026-09-07 07:51:41Z" duration="0.034613" total="4" passed="3" failed="1" inconclusive="0" skipped="0" asserts="0">
            <properties />
            <failure>
              <message><![CDATA[One or more child tests had errors]]></message>
            </failure>
            <test-case id="1042" name="CorruptMainRecoversBackupAndCanSaveAgain" fullname="BossClicker.Tests.SaveStoreTests.CorruptMainRecoversBackupAndCanSaveAgain" methodname="CorruptMainRecoversBackupAndCanSaveAgain" classname="BossClicker.Tests.SaveStoreTests" runstate="Runnable" seed="817530804" result="Passed" start-time="2026-09-07 07:51:41Z" end-time="2026-09-07 07:51:41Z" duration="0.019903" asserts="0">
              <properties />
            </test-case>
            <test-case id="1043" name="InvalidFilesArePreservedInsteadOfStartingNew" fullname="BossClicker.Tests.SaveStoreTests.InvalidFilesArePreservedInsteadOfStartingNew" methodname="InvalidFilesArePreservedInsteadOfStartingNew" classname="BossClicker.Tests.SaveStoreTests" runstate="Runnable" seed="542148682" result="Passed" start-time="2026-09-07 07:51:41Z" end-time="2026-09-07 07:51:41Z" duration="0.002415" asserts="0">
              <properties />
            </test-case>
            <test-case id="1044" name="InvalidRangesAndWriteFailureAreReported" fullname="BossClicker.Tests.SaveStoreTests.InvalidRangesAndWriteFailureAreReported" methodname="InvalidRangesAndWriteFailureAreReported" classname="BossClicker.Tests.SaveStoreTests" runstate="Runnable" seed="1144913892" result="Failed" label="Error" start-time="2026-09-07 07:51:41Z" end-time="2026-09-07 07:51:41Z" duration="0.004189" asserts="0">
              <properties />
              <failure>
                <message><![CDATA[System.IO.InvalidDataException : 存档字段不完整或超出范围。]]></message>
                <stack-trace><![CDATA[  at BossClicker.SaveStore.TryLoad (BossClicker.SaveData& data, System.String& message) [0x0009b] in C:\Users\root\Desktop\My ga\Assets\BossClicker\Scripts\SaveStore.cs:33 
  at BossClicker.Tests.SaveStoreTests.InvalidRangesAndWriteFailureAreReported () [0x0002f] in C:\Users\root\Desktop\My ga\Assets\BossClicker\Tests\EditMode\SaveStoreTests.cs:77 
  at (wrapper managed-to-native) System.Reflection.RuntimeMethodInfo.InternalInvoke(System.Reflection.RuntimeMethodInfo,object,object[],System.Exception&)
  at System.Reflection.RuntimeMethodInfo.Invoke (System.Object obj, System.Reflection.BindingFlags invokeAttr, System.Reflection.Binder binder, System.Object[] parameters, System.Globalization.CultureInfo culture) [0x0006a] in <1fd52158108c4fe3a6817b50854eb75e>:0 ]]></stack-trace>
              </failure>
            </test-case>
            <test-case id="1041" name="MissingFileStartsNewAndRoundTripKeepsAllProgress" fullname="BossClicker.Tests.SaveStoreTests.MissingFileStartsNewAndRoundTripKeepsAllProgress" methodname="MissingFileStartsNewAndRoundTripKeepsAllProgress" classname="BossClicker.Tests.SaveStoreTests" runstate="Runnable" seed="221770856" result="Passed" start-time="2026-09-07 07:51:41Z" end-time="2026-09-07 07:51:41Z" duration="0.007319" asserts="0">
              <properties />
            </test-case>
          </test-suite>
        </test-suite>
      </test-suite>
    </test-suite>
  </test-suite>
</test-run>