<?xml version="1.0" encoding="utf-8"?>
<test-run id="2" testcasecount="15" result="Passed" total="15" passed="15" failed="0" inconclusive="0" skipped="0" asserts="0" engine-version="3.5.0.0" clr-version="4.0.30319.42000" start-time="2026-09-07 08:12:28Z" end-time="2026-09-07 08:12:28Z" duration="0.0711531">
  <test-suite type="TestSuite" id="1026" name="Boss Forge Prototype" fullname="Boss Forge Prototype" runstate="Runnable" testcasecount="15" result="Passed" start-time="2026-09-07 08:12:28Z" end-time="2026-09-07 08:12:28Z" duration="0.071153" total="15" passed="15" failed="0" inconclusive="0" skipped="0" asserts="0">
    <properties />
    <test-suite type="Assembly" id="1045" name="BossClicker.Tests.dll" fullname="C:/Users/root/Desktop/My ga/Library/ScriptAssemblies/BossClicker.Tests.dll" runstate="Runnable" testcasecount="15" result="Passed" start-time="2026-09-07 08:12:28Z" end-time="2026-09-07 08:12:28Z" duration="0.059837" total="15" passed="15" failed="0" inconclusive="0" skipped="0" asserts="0">
      <properties>
        <property name="_PID" value="75624" />
        <property name="_APPDOMAIN" value="Unity Child Domain" />
        <property name="platform" value="EditMode" />
      </properties>
      <test-suite type="TestSuite" id="1046" name="BossClicker" fullname="BossClicker" runstate="Runnable" testcasecount="15" result="Passed" start-time="2026-09-07 08:12:28Z" end-time="2026-09-07 08:12:28Z" duration="0.059482" total="15" passed="15" failed="0" inconclusive="0" skipped="0" asserts="0">
        <properties />
        <test-suite type="TestSuite" id="1047" name="Tests" fullname="BossClicker.Tests" runstate="Runnable" testcasecount="15" result="Passed" start-time="2026-09-07 08:12:28Z" end-time="2026-09-07 08:12:28Z" duration="0.055888" total="15" passed="15" failed="0" inconclusive="0" skipped="0" asserts="0">
          <properties />
          <test-suite type="TestFixture" id="1027" name="GameSessionTests" fullname="BossClicker.Tests.GameSessionTests" classname="BossClicker.Tests.GameSessionTests" runstate="Runnable" testcasecount="11" result="Passed" start-time="2026-09-07 08:12:28Z" end-time="2026-09-07 08:12:28Z" duration="0.027619" total="11" passed="11" failed="0" inconclusive="0" skipped="0" asserts="0">
            <properties />
            <test-case id="1030" name="DamageAfterDeadlineCannotWin" fullname="BossClicker.Tests.GameSessionTests.DamageAfterDeadlineCannotWin" methodname="DamageAfterDeadlineCannotWin" classname="BossClicker.Tests.GameSessionTests" runstate="Runnable" seed="941426693" result="Passed" start-time="2026-09-07 08:12:28Z" end-time="2026-09-07 08:12:28Z" duration="0.011131" asserts="0">
              <properties />
            </test-case>
            <test-suite type="ParameterizedMethod" id="1038" name="FinalBossRequiresLastUpgrade" fullname="BossClicker.Tests.GameSessionTests.FinalBossRequiresLastUpgrade" classname="BossClicker.Tests.GameSessionTests" runstate="Runnable" testcasecount="2" result="Passed" start-time="2026-09-07 08:12:28Z" end-time="2026-09-07 08:12:28Z" duration="0.001669" total="2" passed="2" failed="0" inconclusive="0" skipped="0" asserts="0">
              <properties />
              <test-case id="1036" name="FinalBossRequiresLastUpgrade(9,Failed)" fullname="BossClicker.Tests.GameSessionTests.FinalBossRequiresLastUpgrade(9,Failed)" methodname="FinalBossRequiresLastUpgrade" classname="BossClicker.Tests.GameSessionTests" runstate="Runnable" seed="1990724645" result="Passed" start-time="2026-09-07 08:12:28Z" end-time="2026-09-07 08:12:28Z" duration="0.000336" asserts="0">
                <properties />
              </test-case>
              <test-case id="1037" name="FinalBossRequiresLastUpgrade(10,Intermission)" fullname="BossClicker.Tests.GameSessionTests.FinalBossRequiresLastUpgrade(10,Intermission)" methodname="FinalBossRequiresLastUpgrade" classname="BossClicker.Tests.GameSessionTests" runstate="Runnable" seed="1735476242" result="Passed" start-time="2026-09-07 08:12:28Z" end-time="2026-09-07 08:12:28Z" duration="0.000211" asserts="0">
                <properties />
              </test-case>
            </test-suite>
            <test-case id="1028" name="FirstKillPaysOnceAndStartsRefresh" fullname="BossClicker.Tests.GameSessionTests.FirstKillPaysOnceAndStartsRefresh" methodname="FirstKillPaysOnceAndStartsRefresh" classname="BossClicker.Tests.GameSessionTests" runstate="Runnable" seed="2058672338" result="Passed" start-time="2026-09-07 08:12:28Z" end-time="2026-09-07 08:12:28Z" duration="0.000941" asserts="0">
              <properties />
            </test-case>
            <test-case id="1029" name="KillExactlyAtDeadlineWins" fullname="BossClicker.Tests.GameSessionTests.KillExactlyAtDeadlineWins" methodname="KillExactlyAtDeadlineWins" classname="BossClicker.Tests.GameSessionTests" runstate="Runnable" seed="668065240" result="Passed" start-time="2026-09-07 08:12:28Z" end-time="2026-09-07 08:12:28Z" duration="0.000162" asserts="0">
              <properties />
            </test-case>
            <test-case id="1035" name="LargeAndSmallStepsAgree" fullname="BossClicker.Tests.GameSessionTests.LargeAndSmallStepsAgree" methodname="LargeAndSmallStepsAgree" classname="BossClicker.Tests.GameSessionTests" runstate="Runnable" seed="904010251" result="Passed" start-time="2026-09-07 08:12:28Z" end-time="2026-09-07 08:12:28Z" duration="0.000198" asserts="0">
              <properties />
            </test-case>
            <test-case id="1032" name="PurchaseLimitsNeverSpendMoney" fullname="BossClicker.Tests.GameSessionTests.PurchaseLimitsNeverSpendMoney" methodname="PurchaseLimitsNeverSpendMoney" classname="BossClicker.Tests.GameSessionTests" runstate="Runnable" seed="612909908" result="Passed" start-time="2026-09-07 08:12:28Z" end-time="2026-09-07 08:12:28Z" duration="0.000372" asserts="0">
              <properties />
            </test-case>
            <test-case id="1031" name="PurchasePreservesBattleAndFarmChoice" fullname="BossClicker.Tests.GameSessionTests.PurchasePreservesBattleAndFarmChoice" methodname="PurchasePreservesBattleAndFarmChoice" classname="BossClicker.Tests.GameSessionTests" runstate="Runnable" seed="1322678510" result="Passed" start-time="2026-09-07 08:12:28Z" end-time="2026-09-07 08:12:28Z" duration="0.000232" asserts="0">
              <properties />
            </test-case>
            <test-case id="1039" name="ReferenceRouteMatchesEconomy" fullname="BossClicker.Tests.GameSessionTests.ReferenceRouteMatchesEconomy" methodname="ReferenceRouteMatchesEconomy" classname="BossClicker.Tests.GameSessionTests" runstate="Runnable" seed="502653680" result="Passed" start-time="2026-09-07 08:12:28Z" end-time="2026-09-07 08:12:28Z" duration="0.001801" asserts="0">
              <properties />
            </test-case>
            <test-case id="1034" name="ReplacingAnUnfinishedTargetDoesNotPay" fullname="BossClicker.Tests.GameSessionTests.ReplacingAnUnfinishedTargetDoesNotPay" methodname="ReplacingAnUnfinishedTargetDoesNotPay" classname="BossClicker.Tests.GameSessionTests" runstate="Runnable" seed="1014267464" result="Passed" start-time="2026-09-07 08:12:28Z" end-time="2026-09-07 08:12:28Z" duration="0.000330" asserts="0">
              <properties />
            </test-case>
            <test-case id="1033" name="SwitchingDuringRefreshCannotSkipOrRepeatReward" fullname="BossClicker.Tests.GameSessionTests.SwitchingDuringRefreshCannotSkipOrRepeatReward" methodname="SwitchingDuringRefreshCannotSkipOrRepeatReward" classname="BossClicker.Tests.GameSessionTests" runstate="Runnable" seed="1489351067" result="Passed" start-time="2026-09-07 08:12:28Z" end-time="2026-09-07 08:12:28Z" duration="0.000214" asserts="0">
              <properties />
            </test-case>
          </test-suite>
          <test-suite type="TestFixture" id="1040" name="SaveStoreTests" fullname="BossClicker.Tests.SaveStoreTests" classname="BossClicker.Tests.SaveStoreTests" runstate="Runnable" testcasecount="4" result="Passed" start-time="2026-09-07 08:12:28Z" end-time="2026-09-07 08:12:28Z" duration="0.023691" total="4" passed="4" failed="0" inconclusive="0" skipped="0" asserts="0">
            <properties />
            <test-case id="1042" name="CorruptMainRecoversBackupAndCanSaveAgain" fullname="BossClicker.Tests.SaveStoreTests.CorruptMainRecoversBackupAndCanSaveAgain" methodname="CorruptMainRecoversBackupAndCanSaveAgain" classname="BossClicker.Tests.SaveStoreTests" runstate="Runnable" seed="1553951986" result="Passed" start-time="2026-09-07 08:12:28Z" end-time="2026-09-07 08:12:28Z" duration="0.014472" asserts="0">
              <properties />
            </test-case>
            <test-case id="1043" name="InvalidFilesArePreservedInsteadOfStartingNew" fullname="BossClicker.Tests.SaveStoreTests.InvalidFilesArePreservedInsteadOfStartingNew" methodname="InvalidFilesArePreservedInsteadOfStartingNew" classname="BossClicker.Tests.SaveStoreTests" runstate="Runnable" seed="1871467122" result="Passed" start-time="2026-09-07 08:12:28Z" end-time="2026-09-07 08:12:28Z" duration="0.002957" asserts="0">
              <properties />
            </test-case>
            <test-case id="1044" name="InvalidRangesAndWriteFailureAreReported" fullname="BossClicker.Tests.SaveStoreTests.InvalidRangesAndWriteFailureAreReported" methodname="InvalidRangesAndWriteFailureAreReported" classname="BossClicker.Tests.SaveStoreTests" runstate="Runnable" seed="397613927" result="Passed" start-time="2026-09-07 08:12:28Z" end-time="2026-09-07 08:12:28Z" duration="0.003041" asserts="0">
              <properties />
            </test-case>
            <test-case id="1041" name="MissingFileStartsNewAndRoundTripKeepsAllProgress" fullname="BossClicker.Tests.SaveStoreTests.MissingFileStartsNewAndRoundTripKeepsAllProgress" methodname="MissingFileStartsNewAndRoundTripKeepsAllProgress" classname="BossClicker.Tests.SaveStoreTests" runstate="Runnable" seed="307776717" result="Passed" start-time="2026-09-07 08:12:28Z" end-time="2026-09-07 08:12:28Z" duration="0.002366" asserts="0">
              <properties />
            </test-case>
          </test-suite>
        </test-suite>
      </test-suite>
    </test-suite>
  </test-suite>
</test-run>