<?xml version="1.0" encoding="utf-8"?>
<test-run id="2" testcasecount="3" result="Passed" total="3" passed="3" failed="0" inconclusive="0" skipped="0" asserts="0" engine-version="3.5.0.0" clr-version="4.0.30319.42000" start-time="2026-09-07 07:36:45Z" end-time="2026-09-07 07:36:45Z" duration="0.0363107">
  <test-suite type="TestSuite" id="1012" name="My ga" fullname="My ga" runstate="Runnable" testcasecount="3" result="Passed" start-time="2026-09-07 07:36:45Z" end-time="2026-09-07 07:36:45Z" duration="0.036311" total="3" passed="3" failed="0" inconclusive="0" skipped="0" asserts="0">
    <properties />
    <test-suite type="Assembly" id="1017" name="BossClicker.Tests.dll" fullname="C:/Users/root/Desktop/My ga/Library/ScriptAssemblies/BossClicker.Tests.dll" runstate="Runnable" testcasecount="3" result="Passed" start-time="2026-09-07 07:36:45Z" end-time="2026-09-07 07:36:45Z" duration="0.026751" total="3" passed="3" failed="0" inconclusive="0" skipped="0" asserts="0">
      <properties>
        <property name="_PID" value="49948" />
        <property name="_APPDOMAIN" value="Unity Child Domain" />
        <property name="platform" value="EditMode" />
      </properties>
      <test-suite type="TestSuite" id="1018" name="BossClicker" fullname="BossClicker" runstate="Runnable" testcasecount="3" result="Passed" start-time="2026-09-07 07:36:45Z" end-time="2026-09-07 07:36:45Z" duration="0.026531" total="3" passed="3" failed="0" inconclusive="0" skipped="0" asserts="0">
        <properties />
        <test-suite type="TestSuite" id="1019" name="Tests" fullname="BossClicker.Tests" runstate="Runnable" testcasecount="3" result="Passed" start-time="2026-09-07 07:36:45Z" end-time="2026-09-07 07:36:45Z" duration="0.023371" total="3" passed="3" failed="0" inconclusive="0" skipped="0" asserts="0">
          <properties />
          <test-suite type="TestFixture" id="1013" name="GameSessionTests" fullname="BossClicker.Tests.GameSessionTests" classname="BossClicker.Tests.GameSessionTests" runstate="Runnable" testcasecount="3" result="Passed" start-time="2026-09-07 07:36:45Z" end-time="2026-09-07 07:36:45Z" duration="0.019111" total="3" passed="3" failed="0" inconclusive="0" skipped="0" asserts="0">
            <properties />
            <test-case id="1016" name="DamageAfterDeadlineCannotWin" fullname="BossClicker.Tests.GameSessionTests.DamageAfterDeadlineCannotWin" methodname="DamageAfterDeadlineCannotWin" classname="BossClicker.Tests.GameSessionTests" runstate="Runnable" seed="1985607175" result="Passed" start-time="2026-09-07 07:36:45Z" end-time="2026-09-07 07:36:45Z" duration="0.008529" asserts="0">
              <properties />
            </test-case>
            <test-case id="1014" name="FirstKillPaysOnceAndStartsRefresh" fullname="BossClicker.Tests.GameSessionTests.FirstKillPaysOnceAndStartsRefresh" methodname="FirstKillPaysOnceAndStartsRefresh" classname="BossClicker.Tests.GameSessionTests" runstate="Runnable" seed="715393640" result="Passed" start-time="2026-09-07 07:36:45Z" end-time="2026-09-07 07:36:45Z" duration="0.001340" asserts="0">
              <properties />
            </test-case>
            <test-case id="1015" name="KillExactlyAtDeadlineWins" fullname="BossClicker.Tests.GameSessionTests.KillExactlyAtDeadlineWins" methodname="KillExactlyAtDeadlineWins" classname="BossClicker.Tests.GameSessionTests" runstate="Runnable" seed="1339369151" result="Passed" start-time="2026-09-07 07:36:45Z" end-time="2026-09-07 07:36:45Z" duration="0.000225" asserts="0">
              <properties />
            </test-case>
          </test-suite>
        </test-suite>
      </test-suite>
    </test-suite>
  </test-suite>
</test-run>