<?xml version="1.0" encoding="utf-8"?>
<test-run id="2" testcasecount="2" result="Passed" total="2" passed="2" failed="0" inconclusive="0" skipped="0" asserts="0" engine-version="3.5.0.0" clr-version="4.0.30319.42000" start-time="2026-09-08 01:50:03Z" end-time="2026-09-08 01:50:03Z" duration="0.0384201">
  <test-suite type="TestSuite" id="1029" name="Boss Forge Prototype" fullname="Boss Forge Prototype" runstate="Runnable" testcasecount="17" result="Passed" start-time="2026-09-08 01:50:03Z" end-time="2026-09-08 01:50:03Z" duration="0.038420" total="2" passed="2" failed="0" inconclusive="0" skipped="0" asserts="0">
    <properties />
    <test-suite type="Assembly" id="1051" name="BossClicker.Tests.dll" fullname="C:/Users/root/Desktop/My ga/Library/ScriptAssemblies/BossClicker.Tests.dll" runstate="Runnable" testcasecount="17" result="Passed" start-time="2026-09-08 01:50:03Z" end-time="2026-09-08 01:50:03Z" duration="0.028835" total="2" passed="2" failed="0" inconclusive="0" skipped="0" asserts="0">
      <properties>
        <property name="_PID" value="52148" />
        <property name="_APPDOMAIN" value="Unity Child Domain" />
        <property name="platform" value="EditMode" />
      </properties>
      <test-suite type="TestSuite" id="1052" name="BossClicker" fullname="BossClicker" runstate="Runnable" testcasecount="17" result="Passed" start-time="2026-09-08 01:50:03Z" end-time="2026-09-08 01:50:03Z" duration="0.028509" total="2" passed="2" failed="0" inconclusive="0" skipped="0" asserts="0">
        <properties />
        <test-suite type="TestSuite" id="1053" name="Tests" fullname="BossClicker.Tests" runstate="Runnable" testcasecount="17" result="Passed" start-time="2026-09-08 01:50:03Z" end-time="2026-09-08 01:50:03Z" duration="0.024283" total="2" passed="2" failed="0" inconclusive="0" skipped="0" asserts="0">
          <properties />
          <test-suite type="TestFixture" id="1030" name="DiscreteAttackTests" fullname="BossClicker.Tests.DiscreteAttackTests" classname="BossClicker.Tests.DiscreteAttackTests" runstate="Runnable" testcasecount="2" result="Passed" start-time="2026-09-08 01:50:03Z" end-time="2026-09-08 01:50:03Z" duration="0.020136" total="2" passed="2" failed="0" inconclusive="0" skipped="0" asserts="0">
            <properties />
            <test-case id="1032" name="FirstBossDiesOnFourthShot" fullname="BossClicker.Tests.DiscreteAttackTests.FirstBossDiesOnFourthShot" methodname="FirstBossDiesOnFourthShot" classname="BossClicker.Tests.DiscreteAttackTests" runstate="Runnable" seed="667312345" result="Passed" start-time="2026-09-08 01:50:03Z" end-time="2026-09-08 01:50:03Z" duration="0.010438" asserts="0">
              <properties />
            </test-case>
            <test-case id="1031" name="NoDamageBeforeFirstShot" fullname="BossClicker.Tests.DiscreteAttackTests.NoDamageBeforeFirstShot" methodname="NoDamageBeforeFirstShot" classname="BossClicker.Tests.DiscreteAttackTests" runstate="Runnable" seed="1680192506" result="Passed" start-time="2026-09-08 01:50:03Z" end-time="2026-09-08 01:50:03Z" duration="0.000221" asserts="0">
              <properties />
            </test-case>
          </test-suite>
        </test-suite>
      </test-suite>
    </test-suite>
  </test-suite>
</test-run>